<?xml version="1.0" encoding="UTF-8"?>
<testng-results ignored="0" total="3" passed="3" failed="0" skipped="0">
  <reporter-output>
  </reporter-output>
  <suite started-at="2024-09-21T16:27:54 IST" name="PetSuite" finished-at="2024-09-21T16:28:04 IST" duration-ms="10208">
    <groups>
    </groups>
    <test started-at="2024-09-21T16:27:54 IST" name="Test" finished-at="2024-09-21T16:28:04 IST" duration-ms="10208">
      <class name="test.UserTestsUsingPropertiesFile">
        <test-method is-config="true" signature="setupData()[pri:0, instance:test.UserTestsUsingPropertiesFile@47af7f3d]" started-at="2024-09-21T16:27:54 IST" name="setupData" finished-at="2024-09-21T16:27:56 IST" duration-ms="1340" status="PASS">
          <reporter-output>
          </reporter-output>
        </test-method> <!-- setupData -->
        <test-method signature="testPostUser()[pri:1, instance:test.UserTestsUsingPropertiesFile@47af7f3d]" started-at="2024-09-21T16:27:56 IST" name="testPostUser" finished-at="2024-09-21T16:28:00 IST" duration-ms="4202" status="PASS">
          <reporter-output>
          </reporter-output>
        </test-method> <!-- testPostUser -->
        <test-method signature="testGetUser()[pri:2, instance:test.UserTestsUsingPropertiesFile@47af7f3d]" started-at="2024-09-21T16:28:00 IST" name="testGetUser" finished-at="2024-09-21T16:28:02 IST" depends-on-methods="test.UserTestsUsingPropertiesFile.testPostUser" duration-ms="1926" status="PASS">
          <reporter-output>
          </reporter-output>
        </test-method> <!-- testGetUser -->
        <test-method signature="testUpdateUser()[pri:3, instance:test.UserTestsUsingPropertiesFile@47af7f3d]" started-at="2024-09-21T16:28:02 IST" name="testUpdateUser" finished-at="2024-09-21T16:28:04 IST" depends-on-methods="test.UserTestsUsingPropertiesFile.testPostUser" duration-ms="2238" status="PASS">
          <reporter-output>
          </reporter-output>
        </test-method> <!-- testUpdateUser -->
      </class> <!-- test.UserTestsUsingPropertiesFile -->
    </test> <!-- Test -->
  </suite> <!-- PetSuite -->
</testng-results>
