<?xml version="1.0" encoding="UTF-8"?>
<testng-results ignored="0" total="3" passed="3" failed="0" skipped="0">
  <reporter-output>
  </reporter-output>
  <suite started-at="2024-09-21T13:31:09 IST" name="PetSuite" finished-at="2024-09-21T13:31:18 IST" duration-ms="9021">
    <groups>
    </groups>
    <test started-at="2024-09-21T13:31:09 IST" name="Test" finished-at="2024-09-21T13:31:18 IST" duration-ms="9021">
      <class name="test.UserTestsUsingPropertiesFile">
        <test-method is-config="true" signature="setupData()[pri:0, instance:test.UserTestsUsingPropertiesFile@25ce9dc4]" started-at="2024-09-21T13:31:09 IST" name="setupData" finished-at="2024-09-21T13:31:10 IST" duration-ms="969" status="PASS">
          <reporter-output>
          </reporter-output>
        </test-method> <!-- setupData -->
        <test-method signature="testPostUser()[pri:1, instance:test.UserTestsUsingPropertiesFile@25ce9dc4]" started-at="2024-09-21T13:31:10 IST" name="testPostUser" finished-at="2024-09-21T13:31:14 IST" duration-ms="3496" status="PASS">
          <reporter-output>
          </reporter-output>
        </test-method> <!-- testPostUser -->
        <test-method signature="testGetUser()[pri:2, instance:test.UserTestsUsingPropertiesFile@25ce9dc4]" started-at="2024-09-21T13:31:14 IST" name="testGetUser" finished-at="2024-09-21T13:31:15 IST" depends-on-methods="test.UserTestsUsingPropertiesFile.testPostUser" duration-ms="1776" status="PASS">
          <reporter-output>
          </reporter-output>
        </test-method> <!-- testGetUser -->
        <test-method signature="testUpdateUser()[pri:3, instance:test.UserTestsUsingPropertiesFile@25ce9dc4]" started-at="2024-09-21T13:31:15 IST" name="testUpdateUser" finished-at="2024-09-21T13:31:18 IST" depends-on-methods="test.UserTestsUsingPropertiesFile.testPostUser" duration-ms="2339" status="PASS">
          <reporter-output>
          </reporter-output>
        </test-method> <!-- testUpdateUser -->
      </class> <!-- test.UserTestsUsingPropertiesFile -->
    </test> <!-- Test -->
  </suite> <!-- PetSuite -->
</testng-results>
