<?xml version="1.0" encoding="UTF-8"?>
<!-- Generated by org.testng.reporters.JUnitXMLReporter -->
<testsuite ignored="0" hostname="LAPTOP-8HFRKDI2" failures="0" tests="3" name="Test" time="10.208" errors="0" timestamp="2024-09-21T16:28:04 IST">
  <testcase classname="test.UserTestsUsingPropertiesFile" name="testPostUser" time="4.202"/>
  <testcase classname="test.UserTestsUsingPropertiesFile" name="testGetUser" time="1.926"/>
  <testcase classname="test.UserTestsUsingPropertiesFile" name="testUpdateUser" time="2.238"/>
</testsuite> <!-- Test -->
