<?xml version="1.0" encoding="UTF-8"?>
<!-- Generated by org.testng.reporters.JUnitXMLReporter -->
<testsuite ignored="0" hostname="LAPTOP-8HFRKDI2" failures="0" tests="3" name="Test" time="9.021" errors="0" timestamp="2024-09-21T13:31:18 IST">
  <testcase classname="test.UserTestsUsingPropertiesFile" name="testPostUser" time="3.496"/>
  <testcase classname="test.UserTestsUsingPropertiesFile" name="testGetUser" time="1.776"/>
  <testcase classname="test.UserTestsUsingPropertiesFile" name="testUpdateUser" time="2.339"/>
</testsuite> <!-- Test -->
